<?xml version="1.0" encoding="UTF-8"?>
<!-- Generated by org.testng.reporters.JUnitReportReporter -->
<testsuite skipped="0" hostname="KEs-MacBook-Pro.local" name="com.testcases.GoogleSearchHomePageTest" tests="1" failures="0" timestamp="13 Mar 2020 17:55:18 GMT" time="22.504" errors="0">
  <testcase name="searchKeywordTest" time="22.504" classname="com.testcases.GoogleSearchHomePageTest"/>
</testsuite> <!-- com.testcases.GoogleSearchHomePageTest -->
